{"/home/douglas/Documentos/Projetos/Desenvolvimento/NodeJS/teste-software/src/app.js": {"path":"/home/douglas/Documentos/Projetos/Desenvolvimento/NodeJS/teste-software/src/app.js","statementMap":{"0":{"start":{"line":1,"column":16},"end":{"line":1,"column":34}},"1":{"start":{"line":2,"column":13},"end":{"line":2,"column":28}},"2":{"start":{"line":3,"column":0},"end":{"line":3,"column":22}},"3":{"start":{"line":8,"column":4},"end":{"line":8,"column":29}},"4":{"start":{"line":10,"column":4},"end":{"line":10,"column":23}},"5":{"start":{"line":11,"column":4},"end":{"line":11,"column":18}},"6":{"start":{"line":15,"column":4},"end":{"line":15,"column":29}},"7":{"start":{"line":16,"column":4},"end":{"line":16,"column":37}},"8":{"start":{"line":21,"column":4},"end":{"line":21,"column":42}},"9":{"start":{"line":25,"column":0},"end":{"line":25,"column":45}}},"fnMap":{"0":{"name":"(anonymous_0)","decl":{"start":{"line":7,"column":2},"end":{"line":7,"column":3}},"loc":{"start":{"line":7,"column":16},"end":{"line":12,"column":3}},"line":7},"1":{"name":"(anonymous_1)","decl":{"start":{"line":14,"column":2},"end":{"line":14,"column":3}},"loc":{"start":{"line":14,"column":16},"end":{"line":18,"column":3}},"line":14},"2":{"name":"(anonymous_2)","decl":{"start":{"line":20,"column":2},"end":{"line":20,"column":3}},"loc":{"start":{"line":20,"column":11},"end":{"line":22,"column":3}},"line":20}},"branchMap":{},"s":{"0":1,"1":1,"2":1,"3":1,"4":1,"5":1,"6":1,"7":1,"8":1,"9":1},"f":{"0":1,"1":1,"2":1},"b":{},"_coverageSchema":"43e27e138ebf9cfc5966b082cf9a028302ed4184","hash":"390c985815ccb9962840a1b870b73b0a5e85d124"}
,"/home/douglas/Documentos/Projetos/Desenvolvimento/NodeJS/teste-software/src/routes.js": {"path":"/home/douglas/Documentos/Projetos/Desenvolvimento/NodeJS/teste-software/src/routes.js","statementMap":{"0":{"start":{"line":1,"column":15},"end":{"line":1,"column":42}},"1":{"start":{"line":2,"column":23},"end":{"line":2,"column":56}},"2":{"start":{"line":4,"column":24},"end":{"line":4,"column":68}},"3":{"start":{"line":5,"column":26},"end":{"line":5,"column":72}},"4":{"start":{"line":7,"column":0},"end":{"line":7,"column":59}},"5":{"start":{"line":8,"column":0},"end":{"line":8,"column":51}},"6":{"start":{"line":10,"column":0},"end":{"line":10,"column":27}},"7":{"start":{"line":12,"column":0},"end":{"line":12,"column":48}},"8":{"start":{"line":13,"column":0},"end":{"line":13,"column":55}},"9":{"start":{"line":14,"column":0},"end":{"line":14,"column":57}},"10":{"start":{"line":15,"column":0},"end":{"line":15,"column":49}},"11":{"start":{"line":16,"column":0},"end":{"line":16,"column":53}},"12":{"start":{"line":17,"column":0},"end":{"line":17,"column":56}},"13":{"start":{"line":19,"column":0},"end":{"line":19,"column":24}}},"fnMap":{},"branchMap":{},"s":{"0":1,"1":1,"2":1,"3":1,"4":1,"5":1,"6":1,"7":1,"8":1,"9":1,"10":1,"11":1,"12":1,"13":1},"f":{},"b":{},"_coverageSchema":"43e27e138ebf9cfc5966b082cf9a028302ed4184","hash":"99918ffc19b932e31d7d263017e44155485ddd32"}
,"/home/douglas/Documentos/Projetos/Desenvolvimento/NodeJS/teste-software/src/app/controllers/EmpresaController.js": {"path":"/home/douglas/Documentos/Projetos/Desenvolvimento/NodeJS/teste-software/src/app/controllers/EmpresaController.js","statementMap":{"0":{"start":{"line":1,"column":16},"end":{"line":1,"column":44}},"1":{"start":{"line":3,"column":0},"end":{"line":115,"column":1}},"2":{"start":{"line":5,"column":4},"end":{"line":12,"column":5}},"3":{"start":{"line":6,"column":22},"end":{"line":6,"column":45}},"4":{"start":{"line":8,"column":6},"end":{"line":8,"column":56}},"5":{"start":{"line":11,"column":6},"end":{"line":11,"column":100}},"6":{"start":{"line":16,"column":4},"end":{"line":37,"column":5}},"7":{"start":{"line":17,"column":21},"end":{"line":17,"column":31}},"8":{"start":{"line":18,"column":22},"end":{"line":18,"column":62}},"9":{"start":{"line":20,"column":6},"end":{"line":25,"column":7}},"10":{"start":{"line":21,"column":8},"end":{"line":24,"column":11}},"11":{"start":{"line":27,"column":6},"end":{"line":31,"column":9}},"12":{"start":{"line":33,"column":6},"end":{"line":36,"column":9}},"13":{"start":{"line":41,"column":21},"end":{"line":41,"column":29}},"14":{"start":{"line":42,"column":4},"end":{"line":64,"column":5}},"15":{"start":{"line":43,"column":22},"end":{"line":43,"column":64}},"16":{"start":{"line":45,"column":6},"end":{"line":50,"column":7}},"17":{"start":{"line":46,"column":8},"end":{"line":49,"column":11}},"18":{"start":{"line":53,"column":6},"end":{"line":58,"column":9}},"19":{"start":{"line":60,"column":6},"end":{"line":63,"column":9}},"20":{"start":{"line":67,"column":4},"end":{"line":79,"column":5}},"21":{"start":{"line":68,"column":23},"end":{"line":68,"column":26}},"22":{"start":{"line":70,"column":22},"end":{"line":70,"column":48}},"23":{"start":{"line":72,"column":6},"end":{"line":72,"column":113}},"24":{"start":{"line":75,"column":6},"end":{"line":78,"column":90}},"25":{"start":{"line":76,"column":8},"end":{"line":76,"column":72}},"26":{"start":{"line":78,"column":8},"end":{"line":78,"column":90}},"27":{"start":{"line":82,"column":19},"end":{"line":82,"column":29}},"28":{"start":{"line":83,"column":21},"end":{"line":83,"column":24}},"29":{"start":{"line":85,"column":4},"end":{"line":97,"column":5}},"30":{"start":{"line":86,"column":22},"end":{"line":88,"column":43}},"31":{"start":{"line":90,"column":6},"end":{"line":90,"column":114}},"32":{"start":{"line":93,"column":6},"end":{"line":96,"column":90}},"33":{"start":{"line":94,"column":8},"end":{"line":94,"column":72}},"34":{"start":{"line":96,"column":8},"end":{"line":96,"column":90}},"35":{"start":{"line":100,"column":4},"end":{"line":113,"column":5}},"36":{"start":{"line":101,"column":21},"end":{"line":101,"column":31}},"37":{"start":{"line":103,"column":22},"end":{"line":103,"column":62}},"38":{"start":{"line":105,"column":6},"end":{"line":106,"column":98}},"39":{"start":{"line":106,"column":8},"end":{"line":106,"column":98}},"40":{"start":{"line":108,"column":6},"end":{"line":108,"column":86}},"41":{"start":{"line":111,"column":6},"end":{"line":111,"column":88}}},"fnMap":{"0":{"name":"(anonymous_0)","decl":{"start":{"line":4,"column":2},"end":{"line":4,"column":3}},"loc":{"start":{"line":4,"column":24},"end":{"line":13,"column":3}},"line":4},"1":{"name":"(anonymous_1)","decl":{"start":{"line":15,"column":2},"end":{"line":15,"column":3}},"loc":{"start":{"line":15,"column":26},"end":{"line":38,"column":3}},"line":15},"2":{"name":"(anonymous_2)","decl":{"start":{"line":40,"column":2},"end":{"line":40,"column":3}},"loc":{"start":{"line":40,"column":27},"end":{"line":65,"column":3}},"line":40},"3":{"name":"(anonymous_3)","decl":{"start":{"line":66,"column":2},"end":{"line":66,"column":3}},"loc":{"start":{"line":66,"column":24},"end":{"line":80,"column":3}},"line":66},"4":{"name":"(anonymous_4)","decl":{"start":{"line":81,"column":2},"end":{"line":81,"column":3}},"loc":{"start":{"line":81,"column":25},"end":{"line":98,"column":3}},"line":81},"5":{"name":"(anonymous_5)","decl":{"start":{"line":99,"column":2},"end":{"line":99,"column":3}},"loc":{"start":{"line":99,"column":25},"end":{"line":114,"column":3}},"line":99}},"branchMap":{"0":{"loc":{"start":{"line":20,"column":6},"end":{"line":25,"column":7}},"type":"if","locations":[{"start":{"line":20,"column":6},"end":{"line":25,"column":7}},{"start":{"line":20,"column":6},"end":{"line":25,"column":7}}],"line":20},"1":{"loc":{"start":{"line":45,"column":6},"end":{"line":50,"column":7}},"type":"if","locations":[{"start":{"line":45,"column":6},"end":{"line":50,"column":7}},{"start":{"line":45,"column":6},"end":{"line":50,"column":7}}],"line":45},"2":{"loc":{"start":{"line":75,"column":6},"end":{"line":78,"column":90}},"type":"if","locations":[{"start":{"line":75,"column":6},"end":{"line":78,"column":90}},{"start":{"line":75,"column":6},"end":{"line":78,"column":90}}],"line":75},"3":{"loc":{"start":{"line":75,"column":10},"end":{"line":75,"column":102}},"type":"binary-expr","locations":[{"start":{"line":75,"column":10},"end":{"line":75,"column":57}},{"start":{"line":75,"column":61},"end":{"line":75,"column":102}}],"line":75},"4":{"loc":{"start":{"line":93,"column":6},"end":{"line":96,"column":90}},"type":"if","locations":[{"start":{"line":93,"column":6},"end":{"line":96,"column":90}},{"start":{"line":93,"column":6},"end":{"line":96,"column":90}}],"line":93},"5":{"loc":{"start":{"line":93,"column":10},"end":{"line":93,"column":102}},"type":"binary-expr","locations":[{"start":{"line":93,"column":10},"end":{"line":93,"column":57}},{"start":{"line":93,"column":61},"end":{"line":93,"column":102}}],"line":93},"6":{"loc":{"start":{"line":105,"column":6},"end":{"line":106,"column":98}},"type":"if","locations":[{"start":{"line":105,"column":6},"end":{"line":106,"column":98}},{"start":{"line":105,"column":6},"end":{"line":106,"column":98}}],"line":105}},"s":{"0":1,"1":1,"2":0,"3":0,"4":0,"5":0,"6":0,"7":0,"8":0,"9":0,"10":0,"11":0,"12":0,"13":0,"14":0,"15":0,"16":0,"17":0,"18":0,"19":0,"20":0,"21":0,"22":0,"23":0,"24":0,"25":0,"26":0,"27":0,"28":0,"29":0,"30":0,"31":0,"32":0,"33":0,"34":0,"35":0,"36":0,"37":0,"38":0,"39":0,"40":0,"41":0},"f":{"0":0,"1":0,"2":0,"3":0,"4":0,"5":0},"b":{"0":[0,0],"1":[0,0],"2":[0,0],"3":[0,0],"4":[0,0],"5":[0,0],"6":[0,0]},"_coverageSchema":"43e27e138ebf9cfc5966b082cf9a028302ed4184","hash":"fe39ae31b4285dd32a24806ec164982f647c8c83"}
,"/home/douglas/Documentos/Projetos/Desenvolvimento/NodeJS/teste-software/src/app/controllers/LoginController.js": {"path":"/home/douglas/Documentos/Projetos/Desenvolvimento/NodeJS/teste-software/src/app/controllers/LoginController.js","statementMap":{"0":{"start":{"line":1,"column":14},"end":{"line":1,"column":40}},"1":{"start":{"line":2,"column":15},"end":{"line":2,"column":34}},"2":{"start":{"line":3,"column":26},"end":{"line":3,"column":53}},"3":{"start":{"line":5,"column":0},"end":{"line":64,"column":2}},"4":{"start":{"line":7,"column":21},"end":{"line":7,"column":24}},"5":{"start":{"line":9,"column":4},"end":{"line":23,"column":5}},"6":{"start":{"line":10,"column":20},"end":{"line":10,"column":44}},"7":{"start":{"line":12,"column":6},"end":{"line":12,"column":111}},"8":{"start":{"line":12,"column":18},"end":{"line":12,"column":111}},"9":{"start":{"line":14,"column":21},"end":{"line":14,"column":26}},"10":{"start":{"line":15,"column":6},"end":{"line":15,"column":30}},"11":{"start":{"line":16,"column":6},"end":{"line":16,"column":141}},"12":{"start":{"line":18,"column":6},"end":{"line":21,"column":90}},"13":{"start":{"line":19,"column":8},"end":{"line":19,"column":72}},"14":{"start":{"line":21,"column":8},"end":{"line":21,"column":90}},"15":{"start":{"line":26,"column":4},"end":{"line":62,"column":5}},"16":{"start":{"line":27,"column":31},"end":{"line":27,"column":39}},"17":{"start":{"line":29,"column":6},"end":{"line":31,"column":78}},"18":{"start":{"line":30,"column":8},"end":{"line":31,"column":78}},"19":{"start":{"line":33,"column":20},"end":{"line":40,"column":7}},"20":{"start":{"line":42,"column":6},"end":{"line":45,"column":7}},"21":{"start":{"line":43,"column":8},"end":{"line":44,"column":62}},"22":{"start":{"line":47,"column":6},"end":{"line":50,"column":7}},"23":{"start":{"line":48,"column":8},"end":{"line":49,"column":70}},"24":{"start":{"line":52,"column":21},"end":{"line":52,"column":26}},"25":{"start":{"line":53,"column":6},"end":{"line":53,"column":30}},"26":{"start":{"line":54,"column":6},"end":{"line":54,"column":131}},"27":{"start":{"line":56,"column":6},"end":{"line":61,"column":11}}},"fnMap":{"0":{"name":"(anonymous_0)","decl":{"start":{"line":6,"column":2},"end":{"line":6,"column":3}},"loc":{"start":{"line":6,"column":27},"end":{"line":24,"column":3}},"line":6},"1":{"name":"(anonymous_1)","decl":{"start":{"line":25,"column":2},"end":{"line":25,"column":3}},"loc":{"start":{"line":25,"column":31},"end":{"line":63,"column":3}},"line":25}},"branchMap":{"0":{"loc":{"start":{"line":12,"column":6},"end":{"line":12,"column":111}},"type":"if","locations":[{"start":{"line":12,"column":6},"end":{"line":12,"column":111}},{"start":{"line":12,"column":6},"end":{"line":12,"column":111}}],"line":12},"1":{"loc":{"start":{"line":18,"column":6},"end":{"line":21,"column":90}},"type":"if","locations":[{"start":{"line":18,"column":6},"end":{"line":21,"column":90}},{"start":{"line":18,"column":6},"end":{"line":21,"column":90}}],"line":18},"2":{"loc":{"start":{"line":18,"column":10},"end":{"line":18,"column":102}},"type":"binary-expr","locations":[{"start":{"line":18,"column":10},"end":{"line":18,"column":57}},{"start":{"line":18,"column":61},"end":{"line":18,"column":102}}],"line":18},"3":{"loc":{"start":{"line":29,"column":6},"end":{"line":31,"column":78}},"type":"if","locations":[{"start":{"line":29,"column":6},"end":{"line":31,"column":78}},{"start":{"line":29,"column":6},"end":{"line":31,"column":78}}],"line":29},"4":{"loc":{"start":{"line":29,"column":10},"end":{"line":29,"column":60}},"type":"binary-expr","locations":[{"start":{"line":29,"column":10},"end":{"line":29,"column":16}},{"start":{"line":29,"column":20},"end":{"line":29,"column":26}},{"start":{"line":29,"column":30},"end":{"line":29,"column":43}},{"start":{"line":29,"column":47},"end":{"line":29,"column":60}}],"line":29},"5":{"loc":{"start":{"line":42,"column":6},"end":{"line":45,"column":7}},"type":"if","locations":[{"start":{"line":42,"column":6},"end":{"line":45,"column":7}},{"start":{"line":42,"column":6},"end":{"line":45,"column":7}}],"line":42},"6":{"loc":{"start":{"line":47,"column":6},"end":{"line":50,"column":7}},"type":"if","locations":[{"start":{"line":47,"column":6},"end":{"line":50,"column":7}},{"start":{"line":47,"column":6},"end":{"line":50,"column":7}}],"line":47}},"s":{"0":1,"1":1,"2":1,"3":1,"4":2,"5":2,"6":2,"7":1,"8":0,"9":1,"10":1,"11":1,"12":1,"13":1,"14":0,"15":2,"16":2,"17":2,"18":0,"19":2,"20":2,"21":1,"22":1,"23":1,"24":0,"25":0,"26":0,"27":0},"f":{"0":2,"1":2},"b":{"0":[0,1],"1":[1,0],"2":[1,1],"3":[0,2],"4":[2,2,2,2],"5":[1,1],"6":[1,0]},"_coverageSchema":"43e27e138ebf9cfc5966b082cf9a028302ed4184","hash":"4c49a765f1aedaa10d99617b6c4ac4e38e8595d3"}
,"/home/douglas/Documentos/Projetos/Desenvolvimento/NodeJS/teste-software/src/app/functions/app.js": {"path":"/home/douglas/Documentos/Projetos/Desenvolvimento/NodeJS/teste-software/src/app/functions/app.js","statementMap":{"0":{"start":{"line":1,"column":12},"end":{"line":1,"column":35}},"1":{"start":{"line":2,"column":19},"end":{"line":2,"column":52}},"2":{"start":{"line":3,"column":0},"end":{"line":9,"column":2}},"3":{"start":{"line":5,"column":4},"end":{"line":7,"column":7}}},"fnMap":{"0":{"name":"(anonymous_0)","decl":{"start":{"line":4,"column":2},"end":{"line":4,"column":3}},"loc":{"start":{"line":4,"column":29},"end":{"line":8,"column":3}},"line":4}},"branchMap":{"0":{"loc":{"start":{"line":4,"column":16},"end":{"line":4,"column":27}},"type":"default-arg","locations":[{"start":{"line":4,"column":25},"end":{"line":4,"column":27}}],"line":4}},"s":{"0":1,"1":1,"2":1,"3":1},"f":{"0":1},"b":{"0":[0]},"_coverageSchema":"43e27e138ebf9cfc5966b082cf9a028302ed4184","hash":"d92efe12a556fae14cf2b40dc3689857469277d4"}
,"/home/douglas/Documentos/Projetos/Desenvolvimento/NodeJS/teste-software/src/app/middlewares/auth.js": {"path":"/home/douglas/Documentos/Projetos/Desenvolvimento/NodeJS/teste-software/src/app/middlewares/auth.js","statementMap":{"0":{"start":{"line":1,"column":12},"end":{"line":1,"column":35}},"1":{"start":{"line":2,"column":19},"end":{"line":2,"column":52}},"2":{"start":{"line":3,"column":0},"end":{"line":25,"column":2}},"3":{"start":{"line":4,"column":21},"end":{"line":4,"column":46}},"4":{"start":{"line":6,"column":2},"end":{"line":7,"column":67}},"5":{"start":{"line":7,"column":4},"end":{"line":7,"column":67}},"6":{"start":{"line":9,"column":16},"end":{"line":9,"column":37}},"7":{"start":{"line":11,"column":2},"end":{"line":12,"column":62}},"8":{"start":{"line":12,"column":4},"end":{"line":12,"column":62}},"9":{"start":{"line":14,"column":26},"end":{"line":14,"column":31}},"10":{"start":{"line":16,"column":2},"end":{"line":17,"column":65}},"11":{"start":{"line":17,"column":4},"end":{"line":17,"column":65}},"12":{"start":{"line":19,"column":2},"end":{"line":24,"column":5}},"13":{"start":{"line":20,"column":4},"end":{"line":20,"column":71}},"14":{"start":{"line":20,"column":13},"end":{"line":20,"column":71}},"15":{"start":{"line":22,"column":4},"end":{"line":22,"column":28}},"16":{"start":{"line":23,"column":4},"end":{"line":23,"column":11}}},"fnMap":{"0":{"name":"(anonymous_0)","decl":{"start":{"line":3,"column":17},"end":{"line":3,"column":18}},"loc":{"start":{"line":3,"column":37},"end":{"line":25,"column":1}},"line":3},"1":{"name":"(anonymous_1)","decl":{"start":{"line":19,"column":39},"end":{"line":19,"column":40}},"loc":{"start":{"line":19,"column":57},"end":{"line":24,"column":3}},"line":19}},"branchMap":{"0":{"loc":{"start":{"line":6,"column":2},"end":{"line":7,"column":67}},"type":"if","locations":[{"start":{"line":6,"column":2},"end":{"line":7,"column":67}},{"start":{"line":6,"column":2},"end":{"line":7,"column":67}}],"line":6},"1":{"loc":{"start":{"line":11,"column":2},"end":{"line":12,"column":62}},"type":"if","locations":[{"start":{"line":11,"column":2},"end":{"line":12,"column":62}},{"start":{"line":11,"column":2},"end":{"line":12,"column":62}}],"line":11},"2":{"loc":{"start":{"line":16,"column":2},"end":{"line":17,"column":65}},"type":"if","locations":[{"start":{"line":16,"column":2},"end":{"line":17,"column":65}},{"start":{"line":16,"column":2},"end":{"line":17,"column":65}}],"line":16},"3":{"loc":{"start":{"line":20,"column":4},"end":{"line":20,"column":71}},"type":"if","locations":[{"start":{"line":20,"column":4},"end":{"line":20,"column":71}},{"start":{"line":20,"column":4},"end":{"line":20,"column":71}}],"line":20}},"s":{"0":1,"1":1,"2":1,"3":0,"4":0,"5":0,"6":0,"7":0,"8":0,"9":0,"10":0,"11":0,"12":0,"13":0,"14":0,"15":0,"16":0},"f":{"0":0,"1":0},"b":{"0":[0,0],"1":[0,0],"2":[0,0],"3":[0,0]},"_coverageSchema":"43e27e138ebf9cfc5966b082cf9a028302ed4184","hash":"6dfd27e38d6fef6ebfe421344f151239a3c41b4f"}
,"/home/douglas/Documentos/Projetos/Desenvolvimento/NodeJS/teste-software/src/app/models/Empresa.js": {"path":"/home/douglas/Documentos/Projetos/Desenvolvimento/NodeJS/teste-software/src/app/models/Empresa.js","statementMap":{"0":{"start":{"line":1,"column":29},"end":{"line":1,"column":49}},"1":{"start":{"line":2,"column":15},"end":{"line":2,"column":34}},"2":{"start":{"line":5,"column":4},"end":{"line":100,"column":6}},"3":{"start":{"line":104,"column":0},"end":{"line":104,"column":25}}},"fnMap":{"0":{"name":"(anonymous_0)","decl":{"start":{"line":4,"column":2},"end":{"line":4,"column":3}},"loc":{"start":{"line":4,"column":25},"end":{"line":101,"column":3}},"line":4}},"branchMap":{},"s":{"0":1,"1":1,"2":1,"3":1},"f":{"0":1},"b":{},"_coverageSchema":"43e27e138ebf9cfc5966b082cf9a028302ed4184","hash":"1043ad201297a853cb3d08b702184ae54276895d"}
,"/home/douglas/Documentos/Projetos/Desenvolvimento/NodeJS/teste-software/src/app/models/Login.js": {"path":"/home/douglas/Documentos/Projetos/Desenvolvimento/NodeJS/teste-software/src/app/models/Login.js","statementMap":{"0":{"start":{"line":1,"column":29},"end":{"line":1,"column":49}},"1":{"start":{"line":2,"column":15},"end":{"line":2,"column":34}},"2":{"start":{"line":5,"column":4},"end":{"line":62,"column":6}},"3":{"start":{"line":55,"column":12},"end":{"line":57,"column":15}},"4":{"start":{"line":56,"column":14},"end":{"line":56,"column":32}},"5":{"start":{"line":66,"column":0},"end":{"line":66,"column":23}}},"fnMap":{"0":{"name":"(anonymous_0)","decl":{"start":{"line":4,"column":2},"end":{"line":4,"column":3}},"loc":{"start":{"line":4,"column":25},"end":{"line":63,"column":3}},"line":4},"1":{"name":"(anonymous_1)","decl":{"start":{"line":54,"column":22},"end":{"line":54,"column":23}},"loc":{"start":{"line":54,"column":41},"end":{"line":58,"column":11}},"line":54},"2":{"name":"(anonymous_2)","decl":{"start":{"line":55,"column":52},"end":{"line":55,"column":53}},"loc":{"start":{"line":55,"column":60},"end":{"line":57,"column":13}},"line":55}},"branchMap":{},"s":{"0":1,"1":1,"2":1,"3":1,"4":1,"5":1},"f":{"0":1,"1":1,"2":1},"b":{},"_coverageSchema":"43e27e138ebf9cfc5966b082cf9a028302ed4184","hash":"a53136fa367a2e83cbe5897c80e5ba3bbb7683d6"}
,"/home/douglas/Documentos/Projetos/Desenvolvimento/NodeJS/teste-software/src/config/database.js": {"path":"/home/douglas/Documentos/Projetos/Desenvolvimento/NodeJS/teste-software/src/config/database.js","statementMap":{"0":{"start":{"line":1,"column":0},"end":{"line":12,"column":2}}},"fnMap":{},"branchMap":{},"s":{"0":1},"f":{},"b":{},"_coverageSchema":"43e27e138ebf9cfc5966b082cf9a028302ed4184","hash":"5b371f6e0252a93b91b7a3a66e6070f7ec484c23"}
,"/home/douglas/Documentos/Projetos/Desenvolvimento/NodeJS/teste-software/src/database/index.js": {"path":"/home/douglas/Documentos/Projetos/Desenvolvimento/NodeJS/teste-software/src/database/index.js","statementMap":{"0":{"start":{"line":1,"column":18},"end":{"line":1,"column":38}},"1":{"start":{"line":2,"column":15},"end":{"line":2,"column":44}},"2":{"start":{"line":4,"column":14},"end":{"line":4,"column":44}},"3":{"start":{"line":5,"column":16},"end":{"line":5,"column":48}},"4":{"start":{"line":7,"column":19},"end":{"line":7,"column":40}},"5":{"start":{"line":9,"column":0},"end":{"line":9,"column":23}},"6":{"start":{"line":10,"column":0},"end":{"line":10,"column":25}},"7":{"start":{"line":12,"column":0},"end":{"line":12,"column":28}}},"fnMap":{},"branchMap":{},"s":{"0":1,"1":1,"2":1,"3":1,"4":1,"5":1,"6":1,"7":1},"f":{},"b":{},"_coverageSchema":"43e27e138ebf9cfc5966b082cf9a028302ed4184","hash":"756776503f451f4ffb991328c2b2f76933aa2d32"}
}
