TN:
SF:/home/douglas/Documentos/Projetos/Desenvolvimento/NodeJS/teste-software/src/app.js
FN:7,(anonymous_0)
FN:14,(anonymous_1)
FN:20,(anonymous_2)
FNF:3
FNH:3
FNDA:1,(anonymous_0)
FNDA:1,(anonymous_1)
FNDA:1,(anonymous_2)
DA:1,1
DA:2,1
DA:3,1
DA:8,1
DA:10,1
DA:11,1
DA:15,1
DA:16,1
DA:21,1
DA:25,1
LF:10
LH:10
BRF:0
BRH:0
end_of_record
TN:
SF:/home/douglas/Documentos/Projetos/Desenvolvimento/NodeJS/teste-software/src/routes.js
FNF:0
FNH:0
DA:1,1
DA:2,1
DA:4,1
DA:5,1
DA:7,1
DA:8,1
DA:10,1
DA:12,1
DA:13,1
DA:14,1
DA:15,1
DA:16,1
DA:17,1
DA:19,1
LF:14
LH:14
BRF:0
BRH:0
end_of_record
TN:
SF:/home/douglas/Documentos/Projetos/Desenvolvimento/NodeJS/teste-software/src/app/controllers/EmpresaController.js
FN:4,(anonymous_0)
FN:15,(anonymous_1)
FN:40,(anonymous_2)
FN:66,(anonymous_3)
FN:81,(anonymous_4)
FN:99,(anonymous_5)
FNF:6
FNH:0
FNDA:0,(anonymous_0)
FNDA:0,(anonymous_1)
FNDA:0,(anonymous_2)
FNDA:0,(anonymous_3)
FNDA:0,(anonymous_4)
FNDA:0,(anonymous_5)
DA:1,1
DA:3,1
DA:5,0
DA:6,0
DA:8,0
DA:11,0
DA:16,0
DA:17,0
DA:18,0
DA:20,0
DA:21,0
DA:27,0
DA:33,0
DA:41,0
DA:42,0
DA:43,0
DA:45,0
DA:46,0
DA:53,0
DA:60,0
DA:67,0
DA:68,0
DA:70,0
DA:72,0
DA:75,0
DA:76,0
DA:78,0
DA:82,0
DA:83,0
DA:85,0
DA:86,0
DA:90,0
DA:93,0
DA:94,0
DA:96,0
DA:100,0
DA:101,0
DA:103,0
DA:105,0
DA:106,0
DA:108,0
DA:111,0
LF:42
LH:2
BRDA:20,0,0,0
BRDA:20,0,1,0
BRDA:45,1,0,0
BRDA:45,1,1,0
BRDA:75,2,0,0
BRDA:75,2,1,0
BRDA:75,3,0,0
BRDA:75,3,1,0
BRDA:93,4,0,0
BRDA:93,4,1,0
BRDA:93,5,0,0
BRDA:93,5,1,0
BRDA:105,6,0,0
BRDA:105,6,1,0
BRF:14
BRH:0
end_of_record
TN:
SF:/home/douglas/Documentos/Projetos/Desenvolvimento/NodeJS/teste-software/src/app/controllers/LoginController.js
FN:6,(anonymous_0)
FN:25,(anonymous_1)
FNF:2
FNH:2
FNDA:2,(anonymous_0)
FNDA:2,(anonymous_1)
DA:1,1
DA:2,1
DA:3,1
DA:5,1
DA:7,2
DA:9,2
DA:10,2
DA:12,1
DA:14,1
DA:15,1
DA:16,1
DA:18,1
DA:19,1
DA:21,0
DA:26,2
DA:27,2
DA:29,2
DA:30,0
DA:33,2
DA:42,2
DA:43,1
DA:47,1
DA:48,1
DA:52,0
DA:53,0
DA:54,0
DA:56,0
LF:27
LH:21
BRDA:12,0,0,0
BRDA:12,0,1,1
BRDA:18,1,0,1
BRDA:18,1,1,0
BRDA:18,2,0,1
BRDA:18,2,1,1
BRDA:29,3,0,0
BRDA:29,3,1,2
BRDA:29,4,0,2
BRDA:29,4,1,2
BRDA:29,4,2,2
BRDA:29,4,3,2
BRDA:42,5,0,1
BRDA:42,5,1,1
BRDA:47,6,0,1
BRDA:47,6,1,0
BRF:16
BRH:12
end_of_record
TN:
SF:/home/douglas/Documentos/Projetos/Desenvolvimento/NodeJS/teste-software/src/app/functions/app.js
FN:4,(anonymous_0)
FNF:1
FNH:1
FNDA:1,(anonymous_0)
DA:1,1
DA:2,1
DA:3,1
DA:5,1
LF:4
LH:4
BRDA:4,0,0,0
BRF:1
BRH:0
end_of_record
TN:
SF:/home/douglas/Documentos/Projetos/Desenvolvimento/NodeJS/teste-software/src/app/middlewares/auth.js
FN:3,(anonymous_0)
FN:19,(anonymous_1)
FNF:2
FNH:0
FNDA:0,(anonymous_0)
FNDA:0,(anonymous_1)
DA:1,1
DA:2,1
DA:3,1
DA:4,0
DA:6,0
DA:7,0
DA:9,0
DA:11,0
DA:12,0
DA:14,0
DA:16,0
DA:17,0
DA:19,0
DA:20,0
DA:22,0
DA:23,0
LF:16
LH:3
BRDA:6,0,0,0
BRDA:6,0,1,0
BRDA:11,1,0,0
BRDA:11,1,1,0
BRDA:16,2,0,0
BRDA:16,2,1,0
BRDA:20,3,0,0
BRDA:20,3,1,0
BRF:8
BRH:0
end_of_record
TN:
SF:/home/douglas/Documentos/Projetos/Desenvolvimento/NodeJS/teste-software/src/app/models/Empresa.js
FN:4,(anonymous_0)
FNF:1
FNH:1
FNDA:1,(anonymous_0)
DA:1,1
DA:2,1
DA:5,1
DA:104,1
LF:4
LH:4
BRF:0
BRH:0
end_of_record
TN:
SF:/home/douglas/Documentos/Projetos/Desenvolvimento/NodeJS/teste-software/src/app/models/Login.js
FN:4,(anonymous_0)
FN:54,(anonymous_1)
FN:55,(anonymous_2)
FNF:3
FNH:3
FNDA:1,(anonymous_0)
FNDA:1,(anonymous_1)
FNDA:1,(anonymous_2)
DA:1,1
DA:2,1
DA:5,1
DA:55,1
DA:56,1
DA:66,1
LF:6
LH:6
BRF:0
BRH:0
end_of_record
TN:
SF:/home/douglas/Documentos/Projetos/Desenvolvimento/NodeJS/teste-software/src/config/database.js
FNF:0
FNH:0
DA:1,1
LF:1
LH:1
BRF:0
BRH:0
end_of_record
TN:
SF:/home/douglas/Documentos/Projetos/Desenvolvimento/NodeJS/teste-software/src/database/index.js
FNF:0
FNH:0
DA:1,1
DA:2,1
DA:4,1
DA:5,1
DA:7,1
DA:9,1
DA:10,1
DA:12,1
LF:8
LH:8
BRF:0
BRH:0
end_of_record
